<?xml version="1.0" encoding="UTF-8"?>
<testsuite xmlns:xsi="http://www.w3.org/2001/XMLSchema-instance" xsi:noNamespaceSchemaLocation="https://maven.apache.org/surefire/maven-surefire-plugin/xsd/surefire-test-report-3.0.xsd" version="3.0" name="org.iesvdm.tddjava.friendships.FriendshipsAssertJTest" time="0.006" tests="2" errors="0" skipped="0" failures="0">
  <properties>
    <property name="java.specification.version" value="21"/>
    <property name="sun.jnu.encoding" value="UTF-8"/>
    <property name="java.class.path" value="/home/adriangarcia/IdeaProjects/prueba_unitarias/target/test-classes:/home/adriangarcia/IdeaProjects/prueba_unitarias/target/classes:/home/adriangarcia/.m2/repository/org/jongo/jongo/1.5.1/jongo-1.5.1.jar:/home/adriangarcia/.m2/repository/com/fasterxml/jackson/core/jackson-core/2.14.1/jackson-core-2.14.1.jar:/home/adriangarcia/.m2/repository/com/fasterxml/jackson/core/jackson-databind/2.14.1/jackson-databind-2.14.1.jar:/home/adriangarcia/.m2/repository/com/fasterxml/jackson/core/jackson-annotations/2.14.1/jackson-annotations-2.14.1.jar:/home/adriangarcia/.m2/repository/de/undercouch/bson4jackson/2.13.1/bson4jackson-2.13.1.jar:/home/adriangarcia/.m2/repository/org/mongodb/mongodb-driver/3.12.12/mongodb-driver-3.12.12.jar:/home/adriangarcia/.m2/repository/org/mongodb/bson/3.12.12/bson-3.12.12.jar:/home/adriangarcia/.m2/repository/org/mongodb/mongodb-driver-core/3.12.12/mongodb-driver-core-3.12.12.jar:/home/adriangarcia/.m2/repository/org/junit/jupiter/junit-jupiter-api/5.9.2/junit-jupiter-api-5.9.2.jar:/home/adriangarcia/.m2/repository/org/opentest4j/opentest4j/1.2.0/opentest4j-1.2.0.jar:/home/adriangarcia/.m2/repository/org/junit/platform/junit-platform-commons/1.9.2/junit-platform-commons-1.9.2.jar:/home/adriangarcia/.m2/repository/org/apiguardian/apiguardian-api/1.1.2/apiguardian-api-1.1.2.jar:/home/adriangarcia/.m2/repository/org/hamcrest/hamcrest-all/1.3/hamcrest-all-1.3.jar:/home/adriangarcia/.m2/repository/org/assertj/assertj-core/3.24.2/assertj-core-3.24.2.jar:/home/adriangarcia/.m2/repository/net/bytebuddy/byte-buddy/1.12.21/byte-buddy-1.12.21.jar:/home/adriangarcia/.m2/repository/org/mockito/mockito-junit-jupiter/5.2.0/mockito-junit-jupiter-5.2.0.jar:/home/adriangarcia/.m2/repository/org/mockito/mockito-core/5.2.0/mockito-core-5.2.0.jar:/home/adriangarcia/.m2/repository/net/bytebuddy/byte-buddy-agent/1.14.1/byte-buddy-agent-1.14.1.jar:/home/adriangarcia/.m2/repository/org/easymock/easymock/5.1.0/easymock-5.1.0.jar:/home/adriangarcia/.m2/repository/org/objenesis/objenesis/3.3/objenesis-3.3.jar:/home/adriangarcia/.m2/repository/org/testng/testng/7.7.1/testng-7.7.1.jar:/home/adriangarcia/.m2/repository/org/slf4j/slf4j-api/1.7.36/slf4j-api-1.7.36.jar:/home/adriangarcia/.m2/repository/com/beust/jcommander/1.82/jcommander-1.82.jar:/home/adriangarcia/.m2/repository/org/webjars/jquery/3.6.1/jquery-3.6.1.jar:"/>
    <property name="java.vm.vendor" value="Oracle Corporation"/>
    <property name="sun.arch.data.model" value="64"/>
    <property name="java.vendor.url" value="https://java.oracle.com/"/>
    <property name="user.timezone" value="Africa/Ceuta"/>
    <property name="os.name" value="Linux"/>
    <property name="java.vm.specification.version" value="21"/>
    <property name="sun.java.launcher" value="SUN_STANDARD"/>
    <property name="user.country" value="ES"/>
    <property name="sun.boot.library.path" value="/home/adriangarcia/.jdks/openjdk-21.0.2/lib"/>
    <property name="sun.java.command" value="/home/adriangarcia/IdeaProjects/prueba_unitarias/target/surefire/surefirebooter-20240223094940229_3.jar /home/adriangarcia/IdeaProjects/prueba_unitarias/target/surefire 2024-02-23T09-49-39_949-jvmRun1 surefire-20240223094940229_1tmp surefire_0-20240223094940229_2tmp"/>
    <property name="jdk.debug" value="release"/>
    <property name="surefire.test.class.path" value="/home/adriangarcia/IdeaProjects/prueba_unitarias/target/test-classes:/home/adriangarcia/IdeaProjects/prueba_unitarias/target/classes:/home/adriangarcia/.m2/repository/org/jongo/jongo/1.5.1/jongo-1.5.1.jar:/home/adriangarcia/.m2/repository/com/fasterxml/jackson/core/jackson-core/2.14.1/jackson-core-2.14.1.jar:/home/adriangarcia/.m2/repository/com/fasterxml/jackson/core/jackson-databind/2.14.1/jackson-databind-2.14.1.jar:/home/adriangarcia/.m2/repository/com/fasterxml/jackson/core/jackson-annotations/2.14.1/jackson-annotations-2.14.1.jar:/home/adriangarcia/.m2/repository/de/undercouch/bson4jackson/2.13.1/bson4jackson-2.13.1.jar:/home/adriangarcia/.m2/repository/org/mongodb/mongodb-driver/3.12.12/mongodb-driver-3.12.12.jar:/home/adriangarcia/.m2/repository/org/mongodb/bson/3.12.12/bson-3.12.12.jar:/home/adriangarcia/.m2/repository/org/mongodb/mongodb-driver-core/3.12.12/mongodb-driver-core-3.12.12.jar:/home/adriangarcia/.m2/repository/org/junit/jupiter/junit-jupiter-api/5.9.2/junit-jupiter-api-5.9.2.jar:/home/adriangarcia/.m2/repository/org/opentest4j/opentest4j/1.2.0/opentest4j-1.2.0.jar:/home/adriangarcia/.m2/repository/org/junit/platform/junit-platform-commons/1.9.2/junit-platform-commons-1.9.2.jar:/home/adriangarcia/.m2/repository/org/apiguardian/apiguardian-api/1.1.2/apiguardian-api-1.1.2.jar:/home/adriangarcia/.m2/repository/org/hamcrest/hamcrest-all/1.3/hamcrest-all-1.3.jar:/home/adriangarcia/.m2/repository/org/assertj/assertj-core/3.24.2/assertj-core-3.24.2.jar:/home/adriangarcia/.m2/repository/net/bytebuddy/byte-buddy/1.12.21/byte-buddy-1.12.21.jar:/home/adriangarcia/.m2/repository/org/mockito/mockito-junit-jupiter/5.2.0/mockito-junit-jupiter-5.2.0.jar:/home/adriangarcia/.m2/repository/org/mockito/mockito-core/5.2.0/mockito-core-5.2.0.jar:/home/adriangarcia/.m2/repository/net/bytebuddy/byte-buddy-agent/1.14.1/byte-buddy-agent-1.14.1.jar:/home/adriangarcia/.m2/repository/org/easymock/easymock/5.1.0/easymock-5.1.0.jar:/home/adriangarcia/.m2/repository/org/objenesis/objenesis/3.3/objenesis-3.3.jar:/home/adriangarcia/.m2/repository/org/testng/testng/7.7.1/testng-7.7.1.jar:/home/adriangarcia/.m2/repository/org/slf4j/slf4j-api/1.7.36/slf4j-api-1.7.36.jar:/home/adriangarcia/.m2/repository/com/beust/jcommander/1.82/jcommander-1.82.jar:/home/adriangarcia/.m2/repository/org/webjars/jquery/3.6.1/jquery-3.6.1.jar:"/>
    <property name="sun.cpu.endian" value="little"/>
    <property name="user.home" value="/home/adriangarcia"/>
    <property name="user.language" value="es"/>
    <property name="java.specification.vendor" value="Oracle Corporation"/>
    <property name="java.version.date" value="2024-01-16"/>
    <property name="java.home" value="/home/adriangarcia/.jdks/openjdk-21.0.2"/>
    <property name="file.separator" value="/"/>
    <property name="basedir" value="/home/adriangarcia/IdeaProjects/prueba_unitarias"/>
    <property name="java.vm.compressedOopsMode" value="Zero based"/>
    <property name="line.separator" value="&#10;"/>
    <property name="java.specification.name" value="Java Platform API Specification"/>
    <property name="java.vm.specification.vendor" value="Oracle Corporation"/>
    <property name="surefire.real.class.path" value="/home/adriangarcia/IdeaProjects/prueba_unitarias/target/surefire/surefirebooter-20240223094940229_3.jar"/>
    <property name="sun.management.compiler" value="HotSpot 64-Bit Tiered Compilers"/>
    <property name="java.runtime.version" value="21.0.2+13-58"/>
    <property name="user.name" value="adriangarcia"/>
    <property name="stdout.encoding" value="UTF-8"/>
    <property name="path.separator" value=":"/>
    <property name="os.version" value="5.15.0-94-generic"/>
    <property name="java.runtime.name" value="OpenJDK Runtime Environment"/>
    <property name="file.encoding" value="UTF-8"/>
    <property name="java.vm.name" value="OpenJDK 64-Bit Server VM"/>
    <property name="localRepository" value="/home/adriangarcia/.m2/repository"/>
    <property name="java.vendor.url.bug" value="https://bugreport.java.com/bugreport/"/>
    <property name="java.io.tmpdir" value="/tmp"/>
    <property name="idea.version" value="2023.3.4"/>
    <property name="java.version" value="21.0.2"/>
    <property name="user.dir" value="/home/adriangarcia/IdeaProjects/prueba_unitarias"/>
    <property name="os.arch" value="amd64"/>
    <property name="java.vm.specification.name" value="Java Virtual Machine Specification"/>
    <property name="native.encoding" value="UTF-8"/>
    <property name="java.library.path" value="/usr/java/packages/lib:/usr/lib64:/lib64:/lib:/usr/lib"/>
    <property name="java.vm.info" value="mixed mode, sharing"/>
    <property name="stderr.encoding" value="UTF-8"/>
    <property name="java.vendor" value="Oracle Corporation"/>
    <property name="java.vm.version" value="21.0.2+13-58"/>
    <property name="sun.io.unicode.encoding" value="UnicodeLittle"/>
    <property name="java.class.version" value="65.0"/>
  </properties>
  <testcase name="joeHas5Friends" classname="org.iesvdm.tddjava.friendships.FriendshipsAssertJTest" time="0.002"/>
  <testcase name="alexDoesNotHaveFriends" classname="org.iesvdm.tddjava.friendships.FriendshipsAssertJTest" time="0.002"/>
</testsuite>